[I 2025-04-14 16:34:47,018] A new study created in memory with name: no-name-ab933bf2-d480-489f-85b5-c6e8f1a176e1
[I 2025-04-14 16:35:14,671] Trial 0 finished with value: 0.9719545855566419 and parameters: {'learning_rate': 0.11841715724533977, 'max_depth': 4, 'num_leaves': 29, 'feature_fraction': 0.6687422269157551, 'bagging_fraction': 0.9479679225915414, 'scale_pos_weight': 6.312421275379795, 'min_child_weight': 4.197435925592363, 'min_child_samples': 34, 'lambda_l1': 0.8743482781036803, 'lambda_l2': 0.38187481297338577}. Best is trial 0 with value: 0.9719545855566419.
[I 2025-04-14 16:35:58,360] Trial 1 finished with value: 0.9774985348220792 and parameters: {'learning_rate': 0.09140220546547774, 'max_depth': 15, 'num_leaves': 58, 'feature_fraction': 0.6981564268590246, 'bagging_fraction': 0.9509655134812182, 'scale_pos_weight': 1.9486848859114014, 'min_child_weight': 2.9577168845674398, 'min_child_samples': 25, 'lambda_l1': 0.6612981486907414, 'lambda_l2': 0.18876797122981004}. Best is trial 1 with value: 0.9774985348220792.
[I 2025-04-14 16:36:35,196] Trial 2 finished with value: 0.9758578299844463 and parameters: {'learning_rate': 0.14315779855747818, 'max_depth': 15, 'num_leaves': 59, 'feature_fraction': 0.9039996818680106, 'bagging_fraction': 0.6558618231539951, 'scale_pos_weight': 3.3446343384076505, 'min_child_weight': 2.5537642955859825, 'min_child_samples': 45, 'lambda_l1': 0.8893328629467886, 'lambda_l2': 0.06247668498958692}. Best is trial 1 with value: 0.9774985348220792.
[I 2025-04-14 16:37:22,371] Trial 3 finished with value: 0.9725054611367735 and parameters: {'learning_rate': 0.05271327640932941, 'max_depth': 14, 'num_leaves': 21, 'feature_fraction': 0.9161691244021744, 'bagging_fraction': 0.8630676900914391, 'scale_pos_weight': 3.2805987889386152, 'min_child_weight': 4.738570794383441, 'min_child_samples': 39, 'lambda_l1': 0.8940207524254332, 'lambda_l2': 0.8229246262450386}. Best is trial 1 with value: 0.9774985348220792.
[I 2025-04-14 16:38:09,910] Trial 4 finished with value: 0.9750786761983038 and parameters: {'learning_rate': 0.10690869525365089, 'max_depth': 15, 'num_leaves': 23, 'feature_fraction': 0.9716912035115158, 'bagging_fraction': 0.8062390337915983, 'scale_pos_weight': 3.3437999193969787, 'min_child_weight': 4.319012410087013, 'min_child_samples': 46, 'lambda_l1': 0.6412841049698813, 'lambda_l2': 0.23081128329321554}. Best is trial 1 with value: 0.9774985348220792.
[I 2025-04-14 16:38:58,370] Trial 5 finished with value: 0.971417870909276 and parameters: {'learning_rate': 0.0358727983769987, 'max_depth': 14, 'num_leaves': 27, 'feature_fraction': 0.8994699313710817, 'bagging_fraction': 0.6555066151662632, 'scale_pos_weight': 3.891512737042196, 'min_child_weight': 0.6947607030604456, 'min_child_samples': 13, 'lambda_l1': 0.48176697666643864, 'lambda_l2': 0.23569273880008923}. Best is trial 1 with value: 0.9774985348220792.
[I 2025-04-14 16:39:51,907] Trial 6 finished with value: 0.9794601836705887 and parameters: {'learning_rate': 0.09640215956706506, 'max_depth': 14, 'num_leaves': 38, 'feature_fraction': 0.9382151068173099, 'bagging_fraction': 0.9413402201959904, 'scale_pos_weight': 5.0674501170573, 'min_child_weight': 0.6399196597129683, 'min_child_samples': 45, 'lambda_l1': 0.4202407532270187, 'lambda_l2': 0.3236309842419002}. Best is trial 6 with value: 0.9794601836705887.
[I 2025-04-14 16:40:36,699] Trial 7 finished with value: 0.9750724106097814 and parameters: {'learning_rate': 0.05416056010410885, 'max_depth': 11, 'num_leaves': 23, 'feature_fraction': 0.7371972734429129, 'bagging_fraction': 0.9981558331381754, 'scale_pos_weight': 1.5025696931612726, 'min_child_weight': 2.046357307191, 'min_child_samples': 13, 'lambda_l1': 0.6936398412375898, 'lambda_l2': 0.08841344708556254}. Best is trial 6 with value: 0.9794601836705887.
[I 2025-04-14 16:41:36,024] Trial 8 finished with value: 0.9646493441676979 and parameters: {'learning_rate': 0.014174524609548132, 'max_depth': 11, 'num_leaves': 52, 'feature_fraction': 0.6618911518059464, 'bagging_fraction': 0.8843709781113578, 'scale_pos_weight': 4.952917692339989, 'min_child_weight': 1.0577054573699156, 'min_child_samples': 39, 'lambda_l1': 0.042829194983759034, 'lambda_l2': 0.817416531147198}. Best is trial 6 with value: 0.9794601836705887.
[I 2025-04-14 16:42:30,658] Trial 9 finished with value: 0.9771145394851735 and parameters: {'learning_rate': 0.06079516511690418, 'max_depth': 12, 'num_leaves': 36, 'feature_fraction': 0.8234062581386532, 'bagging_fraction': 0.8270906061207242, 'scale_pos_weight': 3.914902507559286, 'min_child_weight': 3.121469188368756, 'min_child_samples': 30, 'lambda_l1': 0.6534444768686299, 'lambda_l2': 0.9446161116765285}. Best is trial 6 with value: 0.9794601836705887.
[I 2025-04-14 16:43:03,204] Trial 10 finished with value: 0.9774921286389956 and parameters: {'learning_rate': 0.17979136222691613, 'max_depth': 7, 'num_leaves': 45, 'feature_fraction': 0.8066994033970212, 'bagging_fraction': 0.7160675958481102, 'scale_pos_weight': 8.991560314753379, 'min_child_weight': 0.056599316953910406, 'min_child_samples': 50, 'lambda_l1': 0.2830939279257584, 'lambda_l2': 0.5564168556863465}. Best is trial 6 with value: 0.9794601836705887.
[I 2025-04-14 16:43:50,790] Trial 11 finished with value: 0.9777516000354876 and parameters: {'learning_rate': 0.08600148554548429, 'max_depth': 8, 'num_leaves': 63, 'feature_fraction': 0.7351936984449478, 'bagging_fraction': 0.9346341194883734, 'scale_pos_weight': 1.186736508372269, 'min_child_weight': 3.2575001369556014, 'min_child_samples': 21, 'lambda_l1': 0.3840050371373398, 'lambda_l2': 0.4890187762529797}. Best is trial 6 with value: 0.9794601836705887.
[I 2025-04-14 16:44:36,654] Trial 12 finished with value: 0.9791514819526113 and parameters: {'learning_rate': 0.08760260145623798, 'max_depth': 8, 'num_leaves': 42, 'feature_fraction': 0.6022917104469272, 'bagging_fraction': 0.9228312383404529, 'scale_pos_weight': 7.164642672744436, 'min_child_weight': 1.737810024358839, 'min_child_samples': 22, 'lambda_l1': 0.3317623091491433, 'lambda_l2': 0.49561381684938727}. Best is trial 6 with value: 0.9794601836705887.
[I 2025-04-14 16:45:11,104] Trial 13 finished with value: 0.9766864719235052 and parameters: {'learning_rate': 0.1383624929591552, 'max_depth': 6, 'num_leaves': 40, 'feature_fraction': 0.6144974300913404, 'bagging_fraction': 0.7465596920405424, 'scale_pos_weight': 7.307338213001786, 'min_child_weight': 1.598146772421757, 'min_child_samples': 19, 'lambda_l1': 0.22403204040321786, 'lambda_l2': 0.5890637585429666}. Best is trial 6 with value: 0.9794601836705887.
[I 2025-04-14 16:45:45,321] Trial 14 finished with value: 0.9786209992231493 and parameters: {'learning_rate': 0.19823434932992837, 'max_depth': 9, 'num_leaves': 47, 'feature_fraction': 0.9977986985646673, 'bagging_fraction': 0.8899804683198964, 'scale_pos_weight': 8.146171215648419, 'min_child_weight': 1.1707673278455522, 'min_child_samples': 5, 'lambda_l1': 0.13650287315889853, 'lambda_l2': 0.35900237912352645}. Best is trial 6 with value: 0.9794601836705887.
[I 2025-04-14 16:46:15,330] Trial 15 finished with value: 0.9341935044290237 and parameters: {'learning_rate': 0.07713173213845564, 'max_depth': 3, 'num_leaves': 35, 'feature_fraction': 0.8250674050293109, 'bagging_fraction': 0.9909743274367613, 'scale_pos_weight': 5.607928248614152, 'min_child_weight': 0.07582545892461479, 'min_child_samples': 30, 'lambda_l1': 0.4209681257808911, 'lambda_l2': 0.44594853049277117}. Best is trial 6 with value: 0.9794601836705887.
[I 2025-04-14 16:47:01,711] Trial 16 finished with value: 0.9787588926324304 and parameters: {'learning_rate': 0.1251531801106292, 'max_depth': 9, 'num_leaves': 42, 'feature_fraction': 0.8720181530271786, 'bagging_fraction': 0.9173422719447678, 'scale_pos_weight': 9.700637189498345, 'min_child_weight': 1.88459063841314, 'min_child_samples': 37, 'lambda_l1': 0.2896334951751029, 'lambda_l2': 0.6718716543183146}. Best is trial 6 with value: 0.9794601836705887.
[I 2025-04-14 16:47:37,673] Trial 17 finished with value: 0.975521630022406 and parameters: {'learning_rate': 0.15719840545528158, 'max_depth': 5, 'num_leaves': 16, 'feature_fraction': 0.7689528370854692, 'bagging_fraction': 0.8435537837222171, 'scale_pos_weight': 6.90822880953152, 'min_child_weight': 0.6429315180614761, 'min_child_samples': 21, 'lambda_l1': 0.3552127769770639, 'lambda_l2': 0.6741039000710053}. Best is trial 6 with value: 0.9794601836705887.
[I 2025-04-14 16:48:24,617] Trial 18 finished with value: 0.978451840212222 and parameters: {'learning_rate': 0.07490470365783547, 'max_depth': 12, 'num_leaves': 51, 'feature_fraction': 0.61503445444215, 'bagging_fraction': 0.7653979143845673, 'scale_pos_weight': 5.450958887924428, 'min_child_weight': 1.3749258535183264, 'min_child_samples': 26, 'lambda_l1': 0.539623854718879, 'lambda_l2': 0.3508798803462262}. Best is trial 6 with value: 0.9794601836705887.
[I 2025-04-14 16:49:14,507] Trial 19 finished with value: 0.9783914097437248 and parameters: {'learning_rate': 0.10600928022866805, 'max_depth': 7, 'num_leaves': 33, 'feature_fraction': 0.9507275334672826, 'bagging_fraction': 0.9031374641272966, 'scale_pos_weight': 7.877927611146423, 'min_child_weight': 2.280834397103114, 'min_child_samples': 15, 'lambda_l1': 0.18897928360387622, 'lambda_l2': 0.294464926998105}. Best is trial 6 with value: 0.9794601836705887.
[I 2025-04-14 16:50:23,319] Trial 20 finished with value: 0.9789731466982585 and parameters: {'learning_rate': 0.03945786997441045, 'max_depth': 10, 'num_leaves': 49, 'feature_fraction': 0.8463411064107773, 'bagging_fraction': 0.9668593909300257, 'scale_pos_weight': 4.757477883261586, 'min_child_weight': 0.5035014550288954, 'min_child_samples': 8, 'lambda_l1': 0.569065204743883, 'lambda_l2': 0.15820583368486396}. Best is trial 6 with value: 0.9794601836705887.
[I 2025-04-14 16:51:30,134] Trial 21 finished with value: 0.9488172558853469 and parameters: {'learning_rate': 0.010856784246059195, 'max_depth': 9, 'num_leaves': 50, 'feature_fraction': 0.8533267457168878, 'bagging_fraction': 0.9576167290186044, 'scale_pos_weight': 4.551848026210756, 'min_child_weight': 0.6126885945302036, 'min_child_samples': 5, 'lambda_l1': 0.5312961399342884, 'lambda_l2': 0.12386923281896882}. Best is trial 6 with value: 0.9794601836705887.
[I 2025-04-14 16:52:41,213] Trial 22 finished with value: 0.9766778405262624 and parameters: {'learning_rate': 0.03343585731005314, 'max_depth': 10, 'num_leaves': 44, 'feature_fraction': 0.9400029726059187, 'bagging_fraction': 0.9802279154531006, 'scale_pos_weight': 6.375512829634016, 'min_child_weight': 0.43389006692532706, 'min_child_samples': 17, 'lambda_l1': 0.794227496656914, 'lambda_l2': 0.4422149143834543}. Best is trial 6 with value: 0.9794601836705887.
[I 2025-04-14 16:53:44,115] Trial 23 finished with value: 0.9769884710192311 and parameters: {'learning_rate': 0.033324498099741154, 'max_depth': 13, 'num_leaves': 39, 'feature_fraction': 0.8660335250679321, 'bagging_fraction': 0.9172264825829313, 'scale_pos_weight': 5.955913283840709, 'min_child_weight': 1.045785532317331, 'min_child_samples': 9, 'lambda_l1': 0.4801285649341524, 'lambda_l2': 0.02389080549681788}. Best is trial 6 with value: 0.9794601836705887.
[I 2025-04-14 16:54:35,950] Trial 24 finished with value: 0.9794875185505625 and parameters: {'learning_rate': 0.06748518907224735, 'max_depth': 7, 'num_leaves': 55, 'feature_fraction': 0.7737072957422659, 'bagging_fraction': 0.8681013354486309, 'scale_pos_weight': 4.626575606508812, 'min_child_weight': 1.4323017461342455, 'min_child_samples': 23, 'lambda_l1': 0.5571669678422171, 'lambda_l2': 0.14777459023678283}. Best is trial 24 with value: 0.9794875185505625.
[I 2025-04-14 16:55:19,896] Trial 25 finished with value: 0.9779757511554635 and parameters: {'learning_rate': 0.09506360519426656, 'max_depth': 6, 'num_leaves': 55, 'feature_fraction': 0.7620732400179526, 'bagging_fraction': 0.8574077805019196, 'scale_pos_weight': 2.5892321458446554, 'min_child_weight': 1.5528865610421394, 'min_child_samples': 24, 'lambda_l1': 0.31753643567243955, 'lambda_l2': 0.2921246646752034}. Best is trial 24 with value: 0.9794875185505625.
[I 2025-04-14 16:56:02,097] Trial 26 finished with value: 0.97643274037379 and parameters: {'learning_rate': 0.07287545981941618, 'max_depth': 7, 'num_leaves': 30, 'feature_fraction': 0.6648789475014533, 'bagging_fraction': 0.7928604423181714, 'scale_pos_weight': 6.8864622288675275, 'min_child_weight': 2.70067252563154, 'min_child_samples': 31, 'lambda_l1': 0.4258493766810099, 'lambda_l2': 0.5528062879926965}. Best is trial 24 with value: 0.9794875185505625.
[I 2025-04-14 16:56:40,863] Trial 27 finished with value: 0.9771562847759139 and parameters: {'learning_rate': 0.11593452064660156, 'max_depth': 8, 'num_leaves': 54, 'feature_fraction': 0.7775718356460258, 'bagging_fraction': 0.6090935710689421, 'scale_pos_weight': 8.037828327315374, 'min_child_weight': 1.8528799408190864, 'min_child_samples': 23, 'lambda_l1': 0.7873318548322833, 'lambda_l2': 0.002359071424693826}. Best is trial 24 with value: 0.9794875185505625.
[I 2025-04-14 16:57:16,958] Trial 28 finished with value: 0.973996752331679 and parameters: {'learning_rate': 0.0658827672729266, 'max_depth': 5, 'num_leaves': 63, 'feature_fraction': 0.7112329042752285, 'bagging_fraction': 0.8770183609632757, 'scale_pos_weight': 5.248353660948319, 'min_child_weight': 2.2220349882787076, 'min_child_samples': 28, 'lambda_l1': 0.08839185100402536, 'lambda_l2': 0.27208130652855794}. Best is trial 24 with value: 0.9794875185505625.
[I 2025-04-14 16:57:41,222] Trial 29 finished with value: 0.9534759820824302 and parameters: {'learning_rate': 0.12623460834867145, 'max_depth': 3, 'num_leaves': 31, 'feature_fraction': 0.6361425724650976, 'bagging_fraction': 0.9339615091844602, 'scale_pos_weight': 6.372430193146183, 'min_child_weight': 3.6164187977148603, 'min_child_samples': 35, 'lambda_l1': 0.981276699198274, 'lambda_l2': 0.38225254390159813}. Best is trial 24 with value: 0.9794875185505625.
[I 2025-04-14 16:58:16,950] Trial 30 finished with value: 0.9764711416733004 and parameters: {'learning_rate': 0.08428303780654955, 'max_depth': 5, 'num_leaves': 38, 'feature_fraction': 0.7007303103901014, 'bagging_fraction': 0.8247274689361087, 'scale_pos_weight': 4.235502757019482, 'min_child_weight': 0.932779173376697, 'min_child_samples': 43, 'lambda_l1': 0.2453255122466966, 'lambda_l2': 0.41361448806129725}. Best is trial 24 with value: 0.9794875185505625.
[I 2025-04-14 16:59:20,084] Trial 31 finished with value: 0.9792359647886715 and parameters: {'learning_rate': 0.04943510000252637, 'max_depth': 8, 'num_leaves': 48, 'feature_fraction': 0.8340660583279355, 'bagging_fraction': 0.9621772577122158, 'scale_pos_weight': 4.779282837956665, 'min_child_weight': 0.3344507990889511, 'min_child_samples': 17, 'lambda_l1': 0.596402429991609, 'lambda_l2': 0.1531204221660622}. Best is trial 24 with value: 0.9794875185505625.
[I 2025-04-14 17:00:18,631] Trial 32 finished with value: 0.9793284569156097 and parameters: {'learning_rate': 0.04779898965336633, 'max_depth': 8, 'num_leaves': 44, 'feature_fraction': 0.7935898615784699, 'bagging_fraction': 0.944247894556239, 'scale_pos_weight': 5.838162047594725, 'min_child_weight': 1.3289187203757762, 'min_child_samples': 18, 'lambda_l1': 0.574358318128065, 'lambda_l2': 0.18568252882998118}. Best is trial 24 with value: 0.9794875185505625.
[I 2025-04-14 17:01:22,863] Trial 33 finished with value: 0.9793945472269453 and parameters: {'learning_rate': 0.048461314913898365, 'max_depth': 8, 'num_leaves': 58, 'feature_fraction': 0.7876157709481381, 'bagging_fraction': 0.9512397449867626, 'scale_pos_weight': 5.907782710478927, 'min_child_weight': 0.2759823521085471, 'min_child_samples': 18, 'lambda_l1': 0.6046905890685865, 'lambda_l2': 0.19674655776539723}. Best is trial 24 with value: 0.9794875185505625.
[I 2025-04-14 17:02:13,260] Trial 34 finished with value: 0.9435939708921401 and parameters: {'learning_rate': 0.0175370603471533, 'max_depth': 6, 'num_leaves': 58, 'feature_fraction': 0.7896385892391096, 'bagging_fraction': 0.949275168168022, 'scale_pos_weight': 5.890077396137777, 'min_child_weight': 1.1983216726857382, 'min_child_samples': 19, 'lambda_l1': 0.7027730785370627, 'lambda_l2': 0.19655846441329958}. Best is trial 24 with value: 0.9794875185505625.
[I 2025-04-14 17:03:08,826] Trial 35 finished with value: 0.9802042619261101 and parameters: {'learning_rate': 0.06450176192872882, 'max_depth': 10, 'num_leaves': 60, 'feature_fraction': 0.7445937258675543, 'bagging_fraction': 0.8996590748495878, 'scale_pos_weight': 6.17259027523986, 'min_child_weight': 0.8532607359190483, 'min_child_samples': 27, 'lambda_l1': 0.5893591313560839, 'lambda_l2': 0.08294573115809556}. Best is trial 35 with value: 0.9802042619261101.
[I 2025-04-14 17:04:02,982] Trial 36 finished with value: 0.9784952039163552 and parameters: {'learning_rate': 0.061618850691506966, 'max_depth': 10, 'num_leaves': 59, 'feature_fraction': 0.7414544474879493, 'bagging_fraction': 0.901230529259385, 'scale_pos_weight': 2.6532828454649637, 'min_child_weight': 0.8259480650684868, 'min_child_samples': 33, 'lambda_l1': 0.7590172780436428, 'lambda_l2': 0.08153817971344915}. Best is trial 35 with value: 0.9802042619261101.
[I 2025-04-14 17:04:41,875] Trial 37 finished with value: 0.9788830950461808 and parameters: {'learning_rate': 0.10098309261023433, 'max_depth': 14, 'num_leaves': 57, 'feature_fraction': 0.7594632767766496, 'bagging_fraction': 0.8639616774410873, 'scale_pos_weight': 3.790632999036161, 'min_child_weight': 0.23452522068363857, 'min_child_samples': 27, 'lambda_l1': 0.4622545470719594, 'lambda_l2': 0.23339960524807077}. Best is trial 35 with value: 0.9802042619261101.
[I 2025-04-14 17:05:48,925] Trial 38 finished with value: 0.976317507313962 and parameters: {'learning_rate': 0.021859466509324875, 'max_depth': 11, 'num_leaves': 61, 'feature_fraction': 0.7271400473502382, 'bagging_fraction': 0.8452003458602768, 'scale_pos_weight': 6.404836177614962, 'min_child_weight': 0.7734380422761566, 'min_child_samples': 42, 'lambda_l1': 0.6090382752708493, 'lambda_l2': 0.06969908753764043}. Best is trial 35 with value: 0.9802042619261101.
[I 2025-04-14 17:06:46,835] Trial 39 finished with value: 0.9777413756674859 and parameters: {'learning_rate': 0.06903942359247442, 'max_depth': 13, 'num_leaves': 54, 'feature_fraction': 0.8911185966593085, 'bagging_fraction': 0.9032197301654813, 'scale_pos_weight': 5.197442371274612, 'min_child_weight': 4.931651157039652, 'min_child_samples': 13, 'lambda_l1': 0.7245755724728545, 'lambda_l2': 0.1226836756194308}. Best is trial 35 with value: 0.9802042619261101.
[I 2025-04-14 17:07:52,797] Trial 40 finished with value: 0.9786720629804858 and parameters: {'learning_rate': 0.0432142058984056, 'max_depth': 15, 'num_leaves': 61, 'feature_fraction': 0.6812778593865347, 'bagging_fraction': 0.9759317355611165, 'scale_pos_weight': 2.9402857633119095, 'min_child_weight': 0.3962477877697106, 'min_child_samples': 25, 'lambda_l1': 0.8518794958646982, 'lambda_l2': 0.3043866435554845}. Best is trial 35 with value: 0.9802042619261101.
[I 2025-04-14 17:08:49,101] Trial 41 finished with value: 0.9791048822864072 and parameters: {'learning_rate': 0.05517804509250679, 'max_depth': 7, 'num_leaves': 56, 'feature_fraction': 0.7945083693912982, 'bagging_fraction': 0.9370244207590539, 'scale_pos_weight': 5.7480017146329185, 'min_child_weight': 1.3720999220750763, 'min_child_samples': 17, 'lambda_l1': 0.5174266150716548, 'lambda_l2': 0.1932074462776148}. Best is trial 35 with value: 0.9802042619261101.
[I 2025-04-14 17:09:48,105] Trial 42 finished with value: 0.9793176841682202 and parameters: {'learning_rate': 0.046821955939440454, 'max_depth': 8, 'num_leaves': 53, 'feature_fraction': 0.7965569134716783, 'bagging_fraction': 0.8774350171517731, 'scale_pos_weight': 4.349487680936474, 'min_child_weight': 1.351678780129129, 'min_child_samples': 48, 'lambda_l1': 0.6387172555772008, 'lambda_l2': 0.035241740827672216}. Best is trial 35 with value: 0.9802042619261101.
[I 2025-04-14 17:11:00,824] Trial 43 finished with value: 0.9789794072681964 and parameters: {'learning_rate': 0.030548654641466638, 'max_depth': 10, 'num_leaves': 60, 'feature_fraction': 0.8127812263935995, 'bagging_fraction': 0.9984750090377352, 'scale_pos_weight': 5.174035430684958, 'min_child_weight': 0.8902714614304502, 'min_child_samples': 19, 'lambda_l1': 0.5708022389726247, 'lambda_l2': 0.23530796647419325}. Best is trial 35 with value: 0.9802042619261101.
[I 2025-04-14 17:12:02,950] Trial 44 finished with value: 0.9795189754022304 and parameters: {'learning_rate': 0.05639152360665919, 'max_depth': 12, 'num_leaves': 46, 'feature_fraction': 0.7593898481272776, 'bagging_fraction': 0.9493133962304344, 'scale_pos_weight': 6.696727645368571, 'min_child_weight': 0.0181743712449971, 'min_child_samples': 28, 'lambda_l1': 0.657766490872318, 'lambda_l2': 0.12430134702967931}. Best is trial 35 with value: 0.9802042619261101.
[I 2025-04-14 17:12:50,694] Trial 45 finished with value: 0.9783480776058339 and parameters: {'learning_rate': 0.08019951827563879, 'max_depth': 12, 'num_leaves': 27, 'feature_fraction': 0.7452161347917272, 'bagging_fraction': 0.9154501235511887, 'scale_pos_weight': 7.596126489952416, 'min_child_weight': 0.023171437090402473, 'min_child_samples': 28, 'lambda_l1': 0.6730935720468058, 'lambda_l2': 0.1128817498346413}. Best is trial 35 with value: 0.9802042619261101.
