[I 2025-04-15 02:44:30,906] Trial 47 finished with value: 0.978457371043534 and parameters: {'learning_rate': 0.09656765915403438, 'max_depth': 11, 'num_leaves': 54, 'feature_fraction': 0.6521895014790534, 'bagging_fraction': 0.8086860297741634, 'scale_pos_weight': 4.71368236755689, 'min_child_weight': 1.5364879702211862, 'min_child_samples': 13, 'lambda_l1': 0.37836598016633144, 'lambda_l2': 0.039503629652141936}. Best is trial 38 with value: 0.9806414594871162.
[I 2025-04-15 02:45:15,384] Trial 48 finished with value: 0.978046123572485 and parameters: {'learning_rate': 0.12370467126159719, 'max_depth': 12, 'num_leaves': 61, 'feature_fraction': 0.8817857500549906, 'bagging_fraction': 0.8410076571093168, 'scale_pos_weight': 5.364614195477073, 'min_child_weight': 0.22434790907762614, 'min_child_samples': 10, 'lambda_l1': 0.7551728313779319, 'lambda_l2': 0.8722764779644435}. Best is trial 38 with value: 0.9806414594871162.
[I 2025-04-15 02:46:11,880] Trial 49 finished with value: 0.9789410036558047 and parameters: {'learning_rate': 0.10821681760327631, 'max_depth': 8, 'num_leaves': 34, 'feature_fraction': 0.9138410406649689, 'bagging_fraction': 0.870468608468012, 'scale_pos_weight': 3.633939840586943, 'min_child_weight': 1.2324492547485673, 'min_child_samples': 30, 'lambda_l1': 0.13400216541713225, 'lambda_l2': 0.43597455724246065}. Best is trial 38 with value: 0.9806414594871162.
/home/kidlab_destroyer/anaconda3/envs/test/lib/python3.11/site-packages/lightgbm/callback.py:347: UserWarning: Only training set found, disabling early stopping.
  _log_warning("Only training set found, disabling early stopping.")
Loading training data...
Training data shape: (208634, 71), Base features: 69
Memory Usage: 0.42 GB
Wavelet indices - RSI: 12, FII: 11
Wavelet RSI shape: (208634, 20), Wavelet FII shape: (208634, 20)
Transformed feature count: 109
Scaler trained on 109 features, saved to output/robust_scaler.joblib
Optimizing hyperparameters...
Best params: {'learning_rate': 0.09758845986184525, 'max_depth': 10, 'num_leaves': 60, 'feature_fraction': 0.9336362825562429, 'bagging_fraction': 0.8551989446190462, 'scale_pos_weight': 5.36788334581501, 'min_child_weight': 0.39150107673110723, 'min_child_samples': 21, 'lambda_l1': 0.11867036433305722, 'lambda_l2': 0.9337687189156147}, Best F1: 0.9806
Model saved to output/lightgbm_final.joblib
Memory Usage: 1.40 GB
Model training completed!
