[I 2025-04-14 17:13:34,929] Trial 46 finished with value: 0.9803783401030918 and parameters: {'learning_rate': 0.09390812242283142, 'max_depth': 14, 'num_leaves': 46, 'feature_fraction': 0.720190999108112, 'bagging_fraction': 0.8909984581893359, 'scale_pos_weight': 8.529871188400053, 'min_child_weight': 0.23833170443867763, 'min_child_samples': 39, 'lambda_l1': 0.4320095863296696, 'lambda_l2': 0.052435715669780114}. Best is trial 46 with value: 0.9803783401030918.
[I 2025-04-14 17:14:17,463] Trial 47 finished with value: 0.9798222010388956 and parameters: {'learning_rate': 0.09499299246316308, 'max_depth': 13, 'num_leaves': 46, 'feature_fraction': 0.6860087074761776, 'bagging_fraction': 0.8086458371611315, 'scale_pos_weight': 9.081079051160746, 'min_child_weight': 0.21178224287047376, 'min_child_samples': 39, 'lambda_l1': 0.4233157898376678, 'lambda_l2': 0.0591622375983715}. Best is trial 46 with value: 0.9803783401030918.
[I 2025-04-14 17:14:55,110] Trial 48 finished with value: 0.9792014672709112 and parameters: {'learning_rate': 0.11202575026143076, 'max_depth': 13, 'num_leaves': 46, 'feature_fraction': 0.7223745978608861, 'bagging_fraction': 0.7905192319063935, 'scale_pos_weight': 8.634666988212215, 'min_child_weight': 0.3046864263760709, 'min_child_samples': 39, 'lambda_l1': 0.39112916336475123, 'lambda_l2': 0.05277961004920273}. Best is trial 46 with value: 0.9803783401030918.
[I 2025-04-14 17:15:38,966] Trial 49 finished with value: 0.9797000424758366 and parameters: {'learning_rate': 0.0888243624918676, 'max_depth': 14, 'num_leaves': 51, 'feature_fraction': 0.6813643870661958, 'bagging_fraction': 0.8067097230153604, 'scale_pos_weight': 9.968643431289088, 'min_child_weight': 0.11269977652596735, 'min_child_samples': 35, 'lambda_l1': 0.4528964940927436, 'lambda_l2': 0.00274564458678192}. Best is trial 46 with value: 0.9803783401030918.
/home/kidlab_destroyer/anaconda3/envs/test/lib/python3.11/site-packages/lightgbm/callback.py:347: UserWarning: Only training set found, disabling early stopping.
  _log_warning("Only training set found, disabling early stopping.")
Loading training data...
Training data shape: (208634, 71)
Memory Usage: 0.42 GB
Transformed feature count: 109
Scaler saved to output/robust_scaler.joblib
Optimizing hyperparameters...
Best params: {'learning_rate': 0.09390812242283142, 'max_depth': 14, 'num_leaves': 46, 'feature_fraction': 0.720190999108112, 'bagging_fraction': 0.8909984581893359, 'scale_pos_weight': 8.529871188400053, 'min_child_weight': 0.23833170443867763, 'min_child_samples': 39, 'lambda_l1': 0.4320095863296696, 'lambda_l2': 0.052435715669780114}, Best F1: 0.9804
Model saved to output/lightgbm_final.joblib
Memory Usage: 1.21 GB
Model training completed!
