[I 2025-04-16 13:58:21,199] Trial 46 finished with value: 0.9790702524437294 and parameters: {'learning_rate': 0.08222963695817138, 'max_depth': 14, 'num_leaves': 34, 'feature_fraction': 0.8994329612257432, 'bagging_fraction': 0.9378638373286418, 'scale_pos_weight': 6.218893341496963, 'min_child_weight': 1.1905580932214117, 'min_child_samples': 36, 'lambda_l1': 0.2913076874501679, 'lambda_l2': 0.7919371863419215}. Best is trial 41 with value: 0.9803554293352066.
[I 2025-04-16 13:59:16,657] Trial 47 finished with value: 0.9788886857842527 and parameters: {'learning_rate': 0.08839369830699921, 'max_depth': 13, 'num_leaves': 25, 'feature_fraction': 0.9490341227345119, 'bagging_fraction': 0.9641621159852282, 'scale_pos_weight': 6.8922144482536325, 'min_child_weight': 0.9141519088825744, 'min_child_samples': 28, 'lambda_l1': 0.5556840772434628, 'lambda_l2': 0.6874439168374529}. Best is trial 41 with value: 0.9803554293352066.
[I 2025-04-16 14:00:17,672] Trial 48 finished with value: 0.9770982048355747 and parameters: {'learning_rate': 0.0752376811953656, 'max_depth': 15, 'num_leaves': 41, 'feature_fraction': 0.9770519567582017, 'bagging_fraction': 0.8999803169711262, 'scale_pos_weight': 4.142929386496338, 'min_child_weight': 4.767794403246956, 'min_child_samples': 31, 'lambda_l1': 0.6064050666755786, 'lambda_l2': 0.7763978374644932}. Best is trial 41 with value: 0.9803554293352066.
[I 2025-04-16 14:01:05,241] Trial 49 finished with value: 0.9783021450714141 and parameters: {'learning_rate': 0.1189053772975322, 'max_depth': 15, 'num_leaves': 36, 'feature_fraction': 0.9284647311760919, 'bagging_fraction': 0.9813422993745853, 'scale_pos_weight': 5.308498115421441, 'min_child_weight': 1.9824019250077072, 'min_child_samples': 26, 'lambda_l1': 0.4015248149317133, 'lambda_l2': 0.6144200212676062}. Best is trial 41 with value: 0.9803554293352066.
/home/kidlab_destroyer/anaconda3/envs/test/lib/python3.11/site-packages/lightgbm/callback.py:347: UserWarning: Only training set found, disabling early stopping.
  _log_warning("Only training set found, disabling early stopping.")
Loading training data...
Training data shape: (208634, 69), Base features: 67
Memory Usage: 0.42 GB
Wavelet indices - RSI: 12, FII: 11
Wavelet RSI shape: (208634, 20), Wavelet FII shape: (208634, 20)
Transformed feature count: 107
Scaler trained on 107 features, saved to output/robust_scaler.joblib
Optimizing hyperparameters...
Best params: {'learning_rate': 0.08796973817633108, 'max_depth': 14, 'num_leaves': 44, 'feature_fraction': 0.9729998568063342, 'bagging_fraction': 0.9670897279962551, 'scale_pos_weight': 6.214251677506862, 'min_child_weight': 0.9273460518072427, 'min_child_samples': 28, 'lambda_l1': 0.377804525523715, 'lambda_l2': 0.6429979248234071}, Best F1: 0.9804
Model saved to output/lightgbm_final.joblib
Memory Usage: 0.95 GB
Model training completed!
