[I 2025-04-15 01:59:16,383] A new study created in memory with name: no-name-6b7dfd7e-34d0-41dc-ad34-717e25d898d1
[I 2025-04-15 01:59:53,928] Trial 0 finished with value: 0.9753702158145148 and parameters: {'learning_rate': 0.173746173285445, 'max_depth': 5, 'num_leaves': 37, 'feature_fraction': 0.6877955313882985, 'bagging_fraction': 0.9831206783338031, 'scale_pos_weight': 2.9078572954066275, 'min_child_weight': 3.2849505054410035, 'min_child_samples': 28, 'lambda_l1': 0.9666464663732492, 'lambda_l2': 0.8852383100650545}. Best is trial 0 with value: 0.9753702158145148.
[I 2025-04-15 02:00:30,118] Trial 1 finished with value: 0.9762731502912908 and parameters: {'learning_rate': 0.17734006482669817, 'max_depth': 12, 'num_leaves': 61, 'feature_fraction': 0.6919675398232362, 'bagging_fraction': 0.9984787315230452, 'scale_pos_weight': 4.2192487870663, 'min_child_weight': 4.862939457745256, 'min_child_samples': 23, 'lambda_l1': 0.26718823798218605, 'lambda_l2': 0.37889671829899485}. Best is trial 1 with value: 0.9762731502912908.
[I 2025-04-15 02:01:18,751] Trial 2 finished with value: 0.8729063410801027 and parameters: {'learning_rate': 0.012338841931843645, 'max_depth': 7, 'num_leaves': 24, 'feature_fraction': 0.810435099373346, 'bagging_fraction': 0.6404637772309328, 'scale_pos_weight': 7.964585164404176, 'min_child_weight': 3.1874322518485885, 'min_child_samples': 14, 'lambda_l1': 0.6308886709081338, 'lambda_l2': 0.527586504007279}. Best is trial 1 with value: 0.9762731502912908.
[I 2025-04-15 02:02:06,878] Trial 3 finished with value: 0.979932554926118 and parameters: {'learning_rate': 0.10306695127223682, 'max_depth': 12, 'num_leaves': 48, 'feature_fraction': 0.6343918776528144, 'bagging_fraction': 0.9253745280667043, 'scale_pos_weight': 8.774084313610256, 'min_child_weight': 1.276686314889374, 'min_child_samples': 48, 'lambda_l1': 0.06461016154577903, 'lambda_l2': 0.9895744732767173}. Best is trial 3 with value: 0.979932554926118.
[I 2025-04-15 02:02:47,795] Trial 4 finished with value: 0.9594917337695866 and parameters: {'learning_rate': 0.039272035933663456, 'max_depth': 5, 'num_leaves': 58, 'feature_fraction': 0.6182819384923189, 'bagging_fraction': 0.8722838300859779, 'scale_pos_weight': 6.842476667521541, 'min_child_weight': 2.399142937085497, 'min_child_samples': 7, 'lambda_l1': 0.40587637639067775, 'lambda_l2': 0.4557603612137633}. Best is trial 3 with value: 0.979932554926118.
[I 2025-04-15 02:03:35,909] Trial 5 finished with value: 0.9766391513349498 and parameters: {'learning_rate': 0.10041264643020281, 'max_depth': 10, 'num_leaves': 29, 'feature_fraction': 0.6287558657657345, 'bagging_fraction': 0.7572611572276728, 'scale_pos_weight': 9.482394315175718, 'min_child_weight': 2.9403917872210346, 'min_child_samples': 24, 'lambda_l1': 0.698914660381536, 'lambda_l2': 0.3694386981696146}. Best is trial 3 with value: 0.979932554926118.
[I 2025-04-15 02:04:06,264] Trial 6 finished with value: 0.9739704163316996 and parameters: {'learning_rate': 0.18193596250240096, 'max_depth': 13, 'num_leaves': 52, 'feature_fraction': 0.6105480026969637, 'bagging_fraction': 0.7533810464626501, 'scale_pos_weight': 3.2252017719005726, 'min_child_weight': 1.3906329213620767, 'min_child_samples': 9, 'lambda_l1': 0.7943662749875138, 'lambda_l2': 0.6853351384658081}. Best is trial 3 with value: 0.979932554926118.
[I 2025-04-15 02:05:03,297] Trial 7 finished with value: 0.9762227323948505 and parameters: {'learning_rate': 0.06435170985589149, 'max_depth': 6, 'num_leaves': 52, 'feature_fraction': 0.8746953436979026, 'bagging_fraction': 0.8803143778438172, 'scale_pos_weight': 5.8642803651726805, 'min_child_weight': 3.36037045091436, 'min_child_samples': 29, 'lambda_l1': 0.035513100955575694, 'lambda_l2': 0.45605556566086636}. Best is trial 3 with value: 0.979932554926118.
[I 2025-04-15 02:05:40,170] Trial 8 finished with value: 0.9750782711429073 and parameters: {'learning_rate': 0.17236645513428583, 'max_depth': 5, 'num_leaves': 44, 'feature_fraction': 0.6873737199332811, 'bagging_fraction': 0.6313115646642218, 'scale_pos_weight': 3.277418776404012, 'min_child_weight': 0.7195535460681655, 'min_child_samples': 31, 'lambda_l1': 0.18863192274292673, 'lambda_l2': 0.9754644519546938}. Best is trial 3 with value: 0.979932554926118.
[I 2025-04-15 02:06:46,029] Trial 9 finished with value: 0.9775283896382103 and parameters: {'learning_rate': 0.0625802746481797, 'max_depth': 9, 'num_leaves': 36, 'feature_fraction': 0.8202059521183712, 'bagging_fraction': 0.8342885250439922, 'scale_pos_weight': 2.963836904351735, 'min_child_weight': 1.0378952160680632, 'min_child_samples': 14, 'lambda_l1': 0.8962588818289908, 'lambda_l2': 0.8646961718250467}. Best is trial 3 with value: 0.979932554926118.
[I 2025-04-15 02:07:38,122] Trial 10 finished with value: 0.9769996793532869 and parameters: {'learning_rate': 0.13130118341202304, 'max_depth': 15, 'num_leaves': 15, 'feature_fraction': 0.9901049255741358, 'bagging_fraction': 0.9213354126923308, 'scale_pos_weight': 9.738424314513416, 'min_child_weight': 1.9055391262272108, 'min_child_samples': 50, 'lambda_l1': 0.006721240835691922, 'lambda_l2': 0.057431435569512024}. Best is trial 3 with value: 0.979932554926118.
[I 2025-04-15 02:08:30,334] Trial 11 finished with value: 0.9763594345400637 and parameters: {'learning_rate': 0.09364993720876902, 'max_depth': 9, 'num_leaves': 40, 'feature_fraction': 0.8156999664445933, 'bagging_fraction': 0.8182522344451117, 'scale_pos_weight': 1.265754150823454, 'min_child_weight': 0.10980487182098475, 'min_child_samples': 49, 'lambda_l1': 0.9786564655896004, 'lambda_l2': 0.7802171376040994}. Best is trial 3 with value: 0.979932554926118.
[I 2025-04-15 02:09:26,853] Trial 12 finished with value: 0.9780803606131834 and parameters: {'learning_rate': 0.1330737049536619, 'max_depth': 9, 'num_leaves': 33, 'feature_fraction': 0.8996761562368927, 'bagging_fraction': 0.8214542546279109, 'scale_pos_weight': 5.05839876013332, 'min_child_weight': 1.1528740988474457, 'min_child_samples': 40, 'lambda_l1': 0.4679686802622318, 'lambda_l2': 0.9851213389368548}. Best is trial 3 with value: 0.979932554926118.
[I 2025-04-15 02:10:14,798] Trial 13 finished with value: 0.9788444101925865 and parameters: {'learning_rate': 0.13609644508019478, 'max_depth': 13, 'num_leaves': 46, 'feature_fraction': 0.9248987399326347, 'bagging_fraction': 0.9239473423422412, 'scale_pos_weight': 7.696778729401669, 'min_child_weight': 0.09461449172093772, 'min_child_samples': 41, 'lambda_l1': 0.5107678082701188, 'lambda_l2': 0.9994021697311616}. Best is trial 3 with value: 0.979932554926118.
[I 2025-04-15 02:11:07,255] Trial 14 finished with value: 0.9803081700792887 and parameters: {'learning_rate': 0.12752820335357778, 'max_depth': 15, 'num_leaves': 48, 'feature_fraction': 0.9982750730177151, 'bagging_fraction': 0.94881617082226, 'scale_pos_weight': 8.27506155017911, 'min_child_weight': 0.1379999931532882, 'min_child_samples': 41, 'lambda_l1': 0.3241733979857328, 'lambda_l2': 0.6784231572014944}. Best is trial 14 with value: 0.9803081700792887.
[I 2025-04-15 02:11:56,209] Trial 15 finished with value: 0.9798461560551883 and parameters: {'learning_rate': 0.11620281570484657, 'max_depth': 15, 'num_leaves': 52, 'feature_fraction': 0.7505635851250797, 'bagging_fraction': 0.9420498832985525, 'scale_pos_weight': 8.552527128392317, 'min_child_weight': 0.5455158620076539, 'min_child_samples': 42, 'lambda_l1': 0.21807223598979641, 'lambda_l2': 0.641886151965037}. Best is trial 14 with value: 0.9803081700792887.
[I 2025-04-15 02:13:11,310] Trial 16 finished with value: 0.9802582884180404 and parameters: {'learning_rate': 0.07893569627405898, 'max_depth': 11, 'num_leaves': 45, 'feature_fraction': 0.987067727508795, 'bagging_fraction': 0.9489168420838052, 'scale_pos_weight': 6.6479404051057704, 'min_child_weight': 1.641810481141187, 'min_child_samples': 36, 'lambda_l1': 0.34050382030946785, 'lambda_l2': 0.6851688830921561}. Best is trial 14 with value: 0.9803081700792887.
[I 2025-04-15 02:13:44,585] Trial 17 finished with value: 0.9226825493049612 and parameters: {'learning_rate': 0.0733818368662021, 'max_depth': 3, 'num_leaves': 42, 'feature_fraction': 0.9877125049329317, 'bagging_fraction': 0.714027659826812, 'scale_pos_weight': 6.796799667002559, 'min_child_weight': 2.000473124890325, 'min_child_samples': 35, 'lambda_l1': 0.352299769094613, 'lambda_l2': 0.6073542741872549}. Best is trial 14 with value: 0.9803081700792887.
[I 2025-04-15 02:14:33,750] Trial 18 finished with value: 0.9769192352307081 and parameters: {'learning_rate': 0.14758059759476597, 'max_depth': 11, 'num_leaves': 57, 'feature_fraction': 0.950076347376126, 'bagging_fraction': 0.8750189642190364, 'scale_pos_weight': 6.305758060289503, 'min_child_weight': 4.431350411521038, 'min_child_samples': 35, 'lambda_l1': 0.5708661416130207, 'lambda_l2': 0.25744508861502385}. Best is trial 14 with value: 0.9803081700792887.
[I 2025-04-15 02:15:37,212] Trial 19 finished with value: 0.9735248378184865 and parameters: {'learning_rate': 0.039370975762303397, 'max_depth': 14, 'num_leaves': 27, 'feature_fraction': 0.8669364634915315, 'bagging_fraction': 0.9595260613780214, 'scale_pos_weight': 4.9983352238937515, 'min_child_weight': 1.771443289197114, 'min_child_samples': 45, 'lambda_l1': 0.3000257117084313, 'lambda_l2': 0.737869403458634}. Best is trial 14 with value: 0.9803081700792887.
[I 2025-04-15 02:16:48,131] Trial 20 finished with value: 0.9788611446001465 and parameters: {'learning_rate': 0.08191440190824652, 'max_depth': 11, 'num_leaves': 48, 'feature_fraction': 0.9550494378640623, 'bagging_fraction': 0.902172880874071, 'scale_pos_weight': 7.399566129929412, 'min_child_weight': 3.911815026948183, 'min_child_samples': 37, 'lambda_l1': 0.15731988425561394, 'lambda_l2': 0.5701626314994446}. Best is trial 14 with value: 0.9803081700792887.
[I 2025-04-15 02:17:29,324] Trial 21 finished with value: 0.9798780496345841 and parameters: {'learning_rate': 0.153895394282012, 'max_depth': 12, 'num_leaves': 49, 'feature_fraction': 0.7519147384003623, 'bagging_fraction': 0.9612003115406679, 'scale_pos_weight': 8.836991644907098, 'min_child_weight': 0.6351621677973978, 'min_child_samples': 46, 'lambda_l1': 0.10441708479807155, 'lambda_l2': 0.8090515542354064}. Best is trial 14 with value: 0.9803081700792887.
[I 2025-04-15 02:18:29,299] Trial 22 finished with value: 0.9804879439924441 and parameters: {'learning_rate': 0.11191434591480116, 'max_depth': 14, 'num_leaves': 55, 'feature_fraction': 0.9563395379252706, 'bagging_fraction': 0.9708705548681213, 'scale_pos_weight': 8.770963912797612, 'min_child_weight': 1.4672613781815103, 'min_child_samples': 45, 'lambda_l1': 0.3946949007526305, 'lambda_l2': 0.6821283586473056}. Best is trial 22 with value: 0.9804879439924441.
[I 2025-04-15 02:19:29,319] Trial 23 finished with value: 0.9795827268158165 and parameters: {'learning_rate': 0.11550270009439195, 'max_depth': 14, 'num_leaves': 56, 'feature_fraction': 0.9497585694424938, 'bagging_fraction': 0.9967885125678158, 'scale_pos_weight': 8.173342543215627, 'min_child_weight': 2.348845942360474, 'min_child_samples': 38, 'lambda_l1': 0.3903625825888436, 'lambda_l2': 0.6954456160904409}. Best is trial 22 with value: 0.9804879439924441.
[I 2025-04-15 02:20:07,447] Trial 24 finished with value: 0.9785660134481928 and parameters: {'learning_rate': 0.19986854444893742, 'max_depth': 14, 'num_leaves': 60, 'feature_fraction': 0.9975892285451494, 'bagging_fraction': 0.9662966652851033, 'scale_pos_weight': 6.989144920148101, 'min_child_weight': 1.48870174813802, 'min_child_samples': 44, 'lambda_l1': 0.3160301142152197, 'lambda_l2': 0.6028504155205373}. Best is trial 22 with value: 0.9804879439924441.
[I 2025-04-15 02:21:05,722] Trial 25 finished with value: 0.9789473535987641 and parameters: {'learning_rate': 0.1151407209471872, 'max_depth': 15, 'num_leaves': 55, 'feature_fraction': 0.9204279161443593, 'bagging_fraction': 0.8570848203272965, 'scale_pos_weight': 9.238914780330813, 'min_child_weight': 2.7258238452292147, 'min_child_samples': 33, 'lambda_l1': 0.4741346103208375, 'lambda_l2': 0.8601514685696392}. Best is trial 22 with value: 0.9804879439924441.
[I 2025-04-15 02:22:13,046] Trial 26 finished with value: 0.9802627760565576 and parameters: {'learning_rate': 0.08725811351493273, 'max_depth': 13, 'num_leaves': 63, 'feature_fraction': 0.9678134743440612, 'bagging_fraction': 0.9019164901523969, 'scale_pos_weight': 6.072009666243314, 'min_child_weight': 0.740284863780702, 'min_child_samples': 40, 'lambda_l1': 0.4160048990399448, 'lambda_l2': 0.7338642348949683}. Best is trial 22 with value: 0.9804879439924441.
[I 2025-04-15 02:22:50,403] Trial 27 finished with value: 0.9789160679167572 and parameters: {'learning_rate': 0.156913625592615, 'max_depth': 13, 'num_leaves': 63, 'feature_fraction': 0.8507756706833167, 'bagging_fraction': 0.9102695726051816, 'scale_pos_weight': 5.813495643024755, 'min_child_weight': 0.31409228712511617, 'min_child_samples': 43, 'lambda_l1': 0.4352381727774908, 'lambda_l2': 0.7715578188079364}. Best is trial 22 with value: 0.9804879439924441.
[I 2025-04-15 02:24:17,609] Trial 28 finished with value: 0.9794047926060733 and parameters: {'learning_rate': 0.049236559049533876, 'max_depth': 14, 'num_leaves': 63, 'feature_fraction': 0.9607502167203217, 'bagging_fraction': 0.7770221757986691, 'scale_pos_weight': 7.343829793364481, 'min_child_weight': 0.8656852939021812, 'min_child_samples': 23, 'lambda_l1': 0.6188371043455192, 'lambda_l2': 0.5268238491567918}. Best is trial 22 with value: 0.9804879439924441.
[I 2025-04-15 02:25:18,470] Trial 29 finished with value: 0.9803267431896344 and parameters: {'learning_rate': 0.09462645870475932, 'max_depth': 15, 'num_leaves': 54, 'feature_fraction': 0.9022981123808586, 'bagging_fraction': 0.9714326893008083, 'scale_pos_weight': 4.38492520616253, 'min_child_weight': 0.3699584448470755, 'min_child_samples': 39, 'lambda_l1': 0.24356494219788638, 'lambda_l2': 0.831153965457563}. Best is trial 22 with value: 0.9804879439924441.
[I 2025-04-15 02:26:13,527] Trial 30 finished with value: 0.9785469921871419 and parameters: {'learning_rate': 0.10903866052483296, 'max_depth': 15, 'num_leaves': 54, 'feature_fraction': 0.9122621696002925, 'bagging_fraction': 0.9777857812691378, 'scale_pos_weight': 1.7736919944631229, 'min_child_weight': 0.3653561531789048, 'min_child_samples': 47, 'lambda_l1': 0.25192253422806765, 'lambda_l2': 0.8999671784561099}. Best is trial 22 with value: 0.9804879439924441.
[I 2025-04-15 02:27:14,401] Trial 31 finished with value: 0.9789256984516124 and parameters: {'learning_rate': 0.08943989866418052, 'max_depth': 13, 'num_leaves': 59, 'feature_fraction': 0.8873952303936832, 'bagging_fraction': 0.896297539427625, 'scale_pos_weight': 4.281419523393744, 'min_child_weight': 0.039656072359892214, 'min_child_samples': 39, 'lambda_l1': 0.5271889477287113, 'lambda_l2': 0.829667320686624}. Best is trial 22 with value: 0.9804879439924441.
[I 2025-04-15 02:28:05,211] Trial 32 finished with value: 0.9799358963022711 and parameters: {'learning_rate': 0.12071513080815134, 'max_depth': 15, 'num_leaves': 51, 'feature_fraction': 0.9355570338694086, 'bagging_fraction': 0.9946886451327805, 'scale_pos_weight': 4.064044946100245, 'min_child_weight': 0.8419571011102991, 'min_child_samples': 26, 'lambda_l1': 0.136444889958875, 'lambda_l2': 0.7314417116001739}. Best is trial 22 with value: 0.9804879439924441.
[I 2025-04-15 02:29:10,360] Trial 33 finished with value: 0.9804817218446734 and parameters: {'learning_rate': 0.0934964666443588, 'max_depth': 14, 'num_leaves': 61, 'feature_fraction': 0.9696155025451701, 'bagging_fraction': 0.944475917451242, 'scale_pos_weight': 4.89319396727421, 'min_child_weight': 0.47235705325632565, 'min_child_samples': 32, 'lambda_l1': 0.25936188423861356, 'lambda_l2': 0.8928652091399788}. Best is trial 22 with value: 0.9804879439924441.
[I 2025-04-15 02:30:14,784] Trial 34 finished with value: 0.9806323374922112 and parameters: {'learning_rate': 0.09862243385651591, 'max_depth': 14, 'num_leaves': 55, 'feature_fraction': 0.9718891405955401, 'bagging_fraction': 0.9387462269910427, 'scale_pos_weight': 5.260677631242865, 'min_child_weight': 0.34935974309390627, 'min_child_samples': 19, 'lambda_l1': 0.2531431272098408, 'lambda_l2': 0.9207441939604436}. Best is trial 34 with value: 0.9806323374922112.
[I 2025-04-15 02:31:07,534] Trial 35 finished with value: 0.9788107634085886 and parameters: {'learning_rate': 0.10292437087089128, 'max_depth': 12, 'num_leaves': 59, 'feature_fraction': 0.8442151177148227, 'bagging_fraction': 0.6717183312963744, 'scale_pos_weight': 4.929195100821475, 'min_child_weight': 0.4594837793210468, 'min_child_samples': 17, 'lambda_l1': 0.2557418397749812, 'lambda_l2': 0.899090232329156}. Best is trial 34 with value: 0.9806323374922112.
[I 2025-04-15 02:32:15,091] Trial 36 finished with value: 0.977986847796646 and parameters: {'learning_rate': 0.06890547666477251, 'max_depth': 14, 'num_leaves': 55, 'feature_fraction': 0.8975951085306219, 'bagging_fraction': 0.6024776269359149, 'scale_pos_weight': 4.07494178166075, 'min_child_weight': 1.092712830403034, 'min_child_samples': 28, 'lambda_l1': 0.22674073976658782, 'lambda_l2': 0.926460897959923}. Best is trial 34 with value: 0.9806323374922112.
[I 2025-04-15 02:33:41,390] Trial 37 finished with value: 0.9490774016779188 and parameters: {'learning_rate': 0.009498098842005046, 'max_depth': 8, 'num_leaves': 58, 'feature_fraction': 0.9706828624702722, 'bagging_fraction': 0.9807033613869274, 'scale_pos_weight': 2.3333933924592434, 'min_child_weight': 1.3741294333828855, 'min_child_samples': 19, 'lambda_l1': 0.18607987061763126, 'lambda_l2': 0.9132024290581955}. Best is trial 34 with value: 0.9806323374922112.
[I 2025-04-15 02:34:39,485] Trial 38 finished with value: 0.9806414594871162 and parameters: {'learning_rate': 0.09758845986184525, 'max_depth': 10, 'num_leaves': 60, 'feature_fraction': 0.9336362825562429, 'bagging_fraction': 0.8551989446190462, 'scale_pos_weight': 5.36788334581501, 'min_child_weight': 0.39150107673110723, 'min_child_samples': 21, 'lambda_l1': 0.11867036433305722, 'lambda_l2': 0.9337687189156147}. Best is trial 38 with value: 0.9806414594871162.
[I 2025-04-15 02:36:03,984] Trial 39 finished with value: 0.9805343845991775 and parameters: {'learning_rate': 0.05695752702030669, 'max_depth': 10, 'num_leaves': 61, 'feature_fraction': 0.9706174812843075, 'bagging_fraction': 0.8511892676047599, 'scale_pos_weight': 5.400297787998736, 'min_child_weight': 1.0300711576123505, 'min_child_samples': 19, 'lambda_l1': 0.06457385825351658, 'lambda_l2': 0.938963981215476}. Best is trial 38 with value: 0.9806414594871162.
[I 2025-04-15 02:37:00,326] Trial 40 finished with value: 0.9373971009237183 and parameters: {'learning_rate': 0.022196636500448348, 'max_depth': 10, 'num_leaves': 19, 'feature_fraction': 0.9360116815025131, 'bagging_fraction': 0.851103335816343, 'scale_pos_weight': 5.412848178052796, 'min_child_weight': 2.0776619465669808, 'min_child_samples': 20, 'lambda_l1': 0.10640251888207247, 'lambda_l2': 0.9462747907654722}. Best is trial 38 with value: 0.9806414594871162.
[I 2025-04-15 02:38:12,144] Trial 41 finished with value: 0.9792876576566053 and parameters: {'learning_rate': 0.0605116461085701, 'max_depth': 7, 'num_leaves': 61, 'feature_fraction': 0.9718157860931176, 'bagging_fraction': 0.7928642111973412, 'scale_pos_weight': 5.583015326276307, 'min_child_weight': 0.9961810999395866, 'min_child_samples': 12, 'lambda_l1': 0.05852875715915336, 'lambda_l2': 0.9433138262263767}. Best is trial 38 with value: 0.9806414594871162.
[I 2025-04-15 02:39:38,084] Trial 42 finished with value: 0.9800375535482683 and parameters: {'learning_rate': 0.051599972993309116, 'max_depth': 10, 'num_leaves': 61, 'feature_fraction': 0.9412517857140104, 'bagging_fraction': 0.9338390896058564, 'scale_pos_weight': 3.625721600002223, 'min_child_weight': 1.2481014992278099, 'min_child_samples': 20, 'lambda_l1': 0.101434362256373, 'lambda_l2': 0.8637894858348945}. Best is trial 38 with value: 0.9806414594871162.
[I 2025-04-15 02:41:14,706] Trial 43 finished with value: 0.977869602458339 and parameters: {'learning_rate': 0.024409578926865988, 'max_depth': 12, 'num_leaves': 58, 'feature_fraction': 0.9717444880729987, 'bagging_fraction': 0.8602299031900247, 'scale_pos_weight': 4.686436046135647, 'min_child_weight': 0.6126205440167201, 'min_child_samples': 18, 'lambda_l1': 0.014864751750306854, 'lambda_l2': 0.3413050977782224}. Best is trial 38 with value: 0.9806414594871162.
[I 2025-04-15 02:42:15,010] Trial 44 finished with value: 0.9801716678051093 and parameters: {'learning_rate': 0.10215956220507486, 'max_depth': 8, 'num_leaves': 61, 'feature_fraction': 0.927493950529424, 'bagging_fraction': 0.8876699997176335, 'scale_pos_weight': 5.44524970900286, 'min_child_weight': 0.9183770774851442, 'min_child_samples': 16, 'lambda_l1': 0.17695034503695328, 'lambda_l2': 0.8073228866427659}. Best is trial 38 with value: 0.9806414594871162.
[I 2025-04-15 02:42:52,873] Trial 45 finished with value: 0.9667472963806988 and parameters: {'learning_rate': 0.0811683929029125, 'max_depth': 4, 'num_leaves': 50, 'feature_fraction': 0.7875369927545828, 'bagging_fraction': 0.8300583193250495, 'scale_pos_weight': 6.238381161566494, 'min_child_weight': 0.2908211253330505, 'min_child_samples': 25, 'lambda_l1': 0.2875123066380298, 'lambda_l2': 0.95324608400003}. Best is trial 38 with value: 0.9806414594871162.
[I 2025-04-15 02:43:42,449] Trial 46 finished with value: 0.9799026120825165 and parameters: {'learning_rate': 0.14192200210934763, 'max_depth': 10, 'num_leaves': 56, 'feature_fraction': 0.97944629092906, 'bagging_fraction': 0.9234235193262028, 'scale_pos_weight': 3.6268749168780676, 'min_child_weight': 0.6271400561166003, 'min_child_samples': 22, 'lambda_l1': 0.06568410338059763, 'lambda_l2': 0.9965404904750109}. Best is trial 38 with value: 0.9806414594871162.
