[I 2025-04-16 13:14:23,375] A new study created in memory with name: no-name-79e79c5b-d55d-4ed3-b5d7-26cd2569e3be
[I 2025-04-16 13:15:20,945] Trial 0 finished with value: 0.9787059592349399 and parameters: {'learning_rate': 0.06094613348115361, 'max_depth': 12, 'num_leaves': 47, 'feature_fraction': 0.7684312535694403, 'bagging_fraction': 0.8234942924310312, 'scale_pos_weight': 4.449502025664581, 'min_child_weight': 0.3195899297653658, 'min_child_samples': 22, 'lambda_l1': 0.4514996573493093, 'lambda_l2': 0.8487030737251654}. Best is trial 0 with value: 0.9787059592349399.
[I 2025-04-16 13:15:48,228] Trial 1 finished with value: 0.9685573599154871 and parameters: {'learning_rate': 0.09465355551897829, 'max_depth': 4, 'num_leaves': 43, 'feature_fraction': 0.7048728516355909, 'bagging_fraction': 0.6843671010651262, 'scale_pos_weight': 3.5367867909901527, 'min_child_weight': 1.1655635093789065, 'min_child_samples': 41, 'lambda_l1': 0.11296195062210257, 'lambda_l2': 0.6583385126498273}. Best is trial 0 with value: 0.9787059592349399.
[I 2025-04-16 13:16:21,296] Trial 2 finished with value: 0.9493346679863024 and parameters: {'learning_rate': 0.060515145574855045, 'max_depth': 4, 'num_leaves': 15, 'feature_fraction': 0.8970511172218019, 'bagging_fraction': 0.733169636869549, 'scale_pos_weight': 8.971619439322277, 'min_child_weight': 2.5338939656091446, 'min_child_samples': 26, 'lambda_l1': 0.8421100363314942, 'lambda_l2': 0.4477734333223624}. Best is trial 0 with value: 0.9787059592349399.
[I 2025-04-16 13:16:59,186] Trial 3 finished with value: 0.9754559025753586 and parameters: {'learning_rate': 0.12448433103343617, 'max_depth': 11, 'num_leaves': 35, 'feature_fraction': 0.6627406002946724, 'bagging_fraction': 0.6821888610863197, 'scale_pos_weight': 6.445196963782968, 'min_child_weight': 1.822522769671455, 'min_child_samples': 25, 'lambda_l1': 0.9014487788163515, 'lambda_l2': 0.551524265915968}. Best is trial 0 with value: 0.9787059592349399.
[I 2025-04-16 13:17:53,249] Trial 4 finished with value: 0.9761019018184962 and parameters: {'learning_rate': 0.07866632341043293, 'max_depth': 12, 'num_leaves': 23, 'feature_fraction': 0.9315363178359828, 'bagging_fraction': 0.8388092779530669, 'scale_pos_weight': 1.8074069806002295, 'min_child_weight': 0.11131506269741982, 'min_child_samples': 19, 'lambda_l1': 0.8090906364826157, 'lambda_l2': 0.6036449534988697}. Best is trial 0 with value: 0.9787059592349399.
[I 2025-04-16 13:18:40,170] Trial 5 finished with value: 0.9776417279617181 and parameters: {'learning_rate': 0.08438186714571504, 'max_depth': 8, 'num_leaves': 24, 'feature_fraction': 0.6511241341906745, 'bagging_fraction': 0.9421819769269195, 'scale_pos_weight': 8.309622806688743, 'min_child_weight': 0.8418068276272405, 'min_child_samples': 35, 'lambda_l1': 0.3119496100487983, 'lambda_l2': 0.3552864211457524}. Best is trial 0 with value: 0.9787059592349399.
[I 2025-04-16 13:19:18,026] Trial 6 finished with value: 0.9794452619973724 and parameters: {'learning_rate': 0.12331357959013707, 'max_depth': 10, 'num_leaves': 59, 'feature_fraction': 0.634415689713014, 'bagging_fraction': 0.8168635953149296, 'scale_pos_weight': 9.132855009013056, 'min_child_weight': 1.6698234228122353, 'min_child_samples': 46, 'lambda_l1': 0.09905382821463848, 'lambda_l2': 0.2875231914837031}. Best is trial 6 with value: 0.9794452619973724.
[I 2025-04-16 13:20:28,233] Trial 7 finished with value: 0.9759642199579336 and parameters: {'learning_rate': 0.03531494439830088, 'max_depth': 10, 'num_leaves': 37, 'feature_fraction': 0.8797969243347391, 'bagging_fraction': 0.9434371546629201, 'scale_pos_weight': 6.019631602910321, 'min_child_weight': 0.9295914846507322, 'min_child_samples': 7, 'lambda_l1': 0.3932586868862229, 'lambda_l2': 0.8358605554628615}. Best is trial 6 with value: 0.9794452619973724.
[I 2025-04-16 13:21:12,913] Trial 8 finished with value: 0.9773733280870152 and parameters: {'learning_rate': 0.10707095270666543, 'max_depth': 7, 'num_leaves': 38, 'feature_fraction': 0.722188221530294, 'bagging_fraction': 0.6822431440613816, 'scale_pos_weight': 9.269558746468208, 'min_child_weight': 0.3387952321536141, 'min_child_samples': 18, 'lambda_l1': 0.9424348093585292, 'lambda_l2': 0.008517764607192335}. Best is trial 6 with value: 0.9794452619973724.
[I 2025-04-16 13:21:48,294] Trial 9 finished with value: 0.9729049375444292 and parameters: {'learning_rate': 0.17020340504944376, 'max_depth': 13, 'num_leaves': 15, 'feature_fraction': 0.6746972508407137, 'bagging_fraction': 0.6447556811387168, 'scale_pos_weight': 7.9436958477638875, 'min_child_weight': 1.2062305086498422, 'min_child_samples': 26, 'lambda_l1': 0.5162783103654505, 'lambda_l2': 0.6041558781662121}. Best is trial 6 with value: 0.9794452619973724.
[I 2025-04-16 13:22:14,190] Trial 10 finished with value: 0.9756196383104273 and parameters: {'learning_rate': 0.19490610757834956, 'max_depth': 15, 'num_leaves': 62, 'feature_fraction': 0.6089265093571583, 'bagging_fraction': 0.8794064215819878, 'scale_pos_weight': 6.808637705864475, 'min_child_weight': 3.879222477581558, 'min_child_samples': 49, 'lambda_l1': 0.017813986279319113, 'lambda_l2': 0.1720650511272812}. Best is trial 6 with value: 0.9794452619973724.
[I 2025-04-16 13:23:30,935] Trial 11 finished with value: 0.9740303950077536 and parameters: {'learning_rate': 0.01918182246411776, 'max_depth': 14, 'num_leaves': 58, 'feature_fraction': 0.789306686826599, 'bagging_fraction': 0.7771274346937834, 'scale_pos_weight': 4.358177620406536, 'min_child_weight': 2.4963426298857305, 'min_child_samples': 50, 'lambda_l1': 0.6150576845635903, 'lambda_l2': 0.8738449216006757}. Best is trial 6 with value: 0.9794452619973724.
[I 2025-04-16 13:24:11,305] Trial 12 finished with value: 0.9765187406171126 and parameters: {'learning_rate': 0.1294585071869751, 'max_depth': 9, 'num_leaves': 52, 'feature_fraction': 0.7985088739919289, 'bagging_fraction': 0.8224670182525929, 'scale_pos_weight': 4.0223124116467925, 'min_child_weight': 4.944900372353738, 'min_child_samples': 36, 'lambda_l1': 0.23494731466798327, 'lambda_l2': 0.21701412650891327}. Best is trial 6 with value: 0.9794452619973724.
[I 2025-04-16 13:24:56,765] Trial 13 finished with value: 0.9767909107112223 and parameters: {'learning_rate': 0.14017069573019902, 'max_depth': 6, 'num_leaves': 51, 'feature_fraction': 0.7619924008140759, 'bagging_fraction': 0.8851289727688954, 'scale_pos_weight': 1.6943745286499565, 'min_child_weight': 2.169739883229532, 'min_child_samples': 9, 'lambda_l1': 0.6606318188431675, 'lambda_l2': 0.9852898584462245}. Best is trial 6 with value: 0.9794452619973724.
[I 2025-04-16 13:26:11,392] Trial 14 finished with value: 0.9792414887496657 and parameters: {'learning_rate': 0.0514204911190706, 'max_depth': 11, 'num_leaves': 48, 'feature_fraction': 0.9931503526437832, 'bagging_fraction': 0.7724391520944216, 'scale_pos_weight': 4.94043213204731, 'min_child_weight': 1.5199900219830145, 'min_child_samples': 16, 'lambda_l1': 0.16625103060005253, 'lambda_l2': 0.3882037012292406}. Best is trial 6 with value: 0.9794452619973724.
[I 2025-04-16 13:26:53,854] Trial 15 finished with value: 0.976286378629954 and parameters: {'learning_rate': 0.15413173743973302, 'max_depth': 10, 'num_leaves': 58, 'feature_fraction': 0.9906237331784293, 'bagging_fraction': 0.7589537847859992, 'scale_pos_weight': 9.870107179761998, 'min_child_weight': 3.317036012439143, 'min_child_samples': 13, 'lambda_l1': 0.1627120777898905, 'lambda_l2': 0.31378529456776405}. Best is trial 6 with value: 0.9794452619973724.
[I 2025-04-16 13:27:45,757] Trial 16 finished with value: 0.8895421365279601 and parameters: {'learning_rate': 0.011367980868702401, 'max_depth': 6, 'num_leaves': 63, 'feature_fraction': 0.847853461573616, 'bagging_fraction': 0.6055238410842475, 'scale_pos_weight': 7.455251718903213, 'min_child_weight': 1.7139029310011602, 'min_child_samples': 32, 'lambda_l1': 0.0027389617494969765, 'lambda_l2': 0.07277395104037926}. Best is trial 6 with value: 0.9794452619973724.
[I 2025-04-16 13:29:06,271] Trial 17 finished with value: 0.9784392582493181 and parameters: {'learning_rate': 0.04286292331545821, 'max_depth': 9, 'num_leaves': 51, 'feature_fraction': 0.9861231114653831, 'bagging_fraction': 0.9958777890205008, 'scale_pos_weight': 5.197940686822646, 'min_child_weight': 3.104833368377924, 'min_child_samples': 14, 'lambda_l1': 0.26395709273516577, 'lambda_l2': 0.4267598546710577}. Best is trial 6 with value: 0.9794452619973724.
[I 2025-04-16 13:29:43,901] Trial 18 finished with value: 0.9779685911047572 and parameters: {'learning_rate': 0.10856393697781656, 'max_depth': 11, 'num_leaves': 46, 'feature_fraction': 0.6088623435130582, 'bagging_fraction': 0.7319137386753628, 'scale_pos_weight': 2.9457530757375956, 'min_child_weight': 1.5083358949678953, 'min_child_samples': 44, 'lambda_l1': 0.17075526812494238, 'lambda_l2': 0.25785501934335325}. Best is trial 6 with value: 0.9794452619973724.
[I 2025-04-16 13:30:47,916] Trial 19 finished with value: 0.9779391966194375 and parameters: {'learning_rate': 0.06182746647738231, 'max_depth': 13, 'num_leaves': 29, 'feature_fraction': 0.8288529805320943, 'bagging_fraction': 0.8633293567480247, 'scale_pos_weight': 5.465646599378083, 'min_child_weight': 3.106366524138581, 'min_child_samples': 31, 'lambda_l1': 0.3451998174305593, 'lambda_l2': 0.1380606423175546}. Best is trial 6 with value: 0.9794452619973724.
[I 2025-04-16 13:31:25,901] Trial 20 finished with value: 0.9770526011175121 and parameters: {'learning_rate': 0.17409649977755268, 'max_depth': 7, 'num_leaves': 56, 'feature_fraction': 0.9423541717528523, 'bagging_fraction': 0.7642267049861047, 'scale_pos_weight': 7.2112026156110085, 'min_child_weight': 2.245059777221557, 'min_child_samples': 40, 'lambda_l1': 0.08956106969990663, 'lambda_l2': 0.3695700230779668}. Best is trial 6 with value: 0.9794452619973724.
[I 2025-04-16 13:32:23,758] Trial 21 finished with value: 0.979773743652278 and parameters: {'learning_rate': 0.06338527095939672, 'max_depth': 12, 'num_leaves': 45, 'feature_fraction': 0.7500821907876021, 'bagging_fraction': 0.8035536584189711, 'scale_pos_weight': 4.77826485265544, 'min_child_weight': 0.4755098303865467, 'min_child_samples': 20, 'lambda_l1': 0.4513399708784446, 'lambda_l2': 0.4913608126194642}. Best is trial 21 with value: 0.979773743652278.
[I 2025-04-16 13:33:23,744] Trial 22 finished with value: 0.9769144621568356 and parameters: {'learning_rate': 0.03804674173176557, 'max_depth': 11, 'num_leaves': 43, 'feature_fraction': 0.7208955605004911, 'bagging_fraction': 0.7950584168447408, 'scale_pos_weight': 2.9923720724446787, 'min_child_weight': 0.7680883655252971, 'min_child_samples': 16, 'lambda_l1': 0.5594626121302106, 'lambda_l2': 0.4888893428599165}. Best is trial 21 with value: 0.979773743652278.
[I 2025-04-16 13:34:19,553] Trial 23 finished with value: 0.9788194478173435 and parameters: {'learning_rate': 0.07734525285427718, 'max_depth': 13, 'num_leaves': 54, 'feature_fraction': 0.7442459405702957, 'bagging_fraction': 0.7420882491894474, 'scale_pos_weight': 4.859974414557734, 'min_child_weight': 1.449973440832793, 'min_child_samples': 11, 'lambda_l1': 0.7410283041037175, 'lambda_l2': 0.2843602122525465}. Best is trial 21 with value: 0.979773743652278.
[I 2025-04-16 13:35:31,736] Trial 24 finished with value: 0.9789161276808274 and parameters: {'learning_rate': 0.05099346075560442, 'max_depth': 15, 'num_leaves': 47, 'feature_fraction': 0.8360310109483665, 'bagging_fraction': 0.7993792078691175, 'scale_pos_weight': 5.838532126209227, 'min_child_weight': 0.629340688667846, 'min_child_samples': 22, 'lambda_l1': 0.42934410652933735, 'lambda_l2': 0.7324886646158277}. Best is trial 21 with value: 0.979773743652278.
[I 2025-04-16 13:36:25,887] Trial 25 finished with value: 0.969914648137825 and parameters: {'learning_rate': 0.024313176493640953, 'max_depth': 10, 'num_leaves': 32, 'feature_fraction': 0.6933625077707679, 'bagging_fraction': 0.8554565980608954, 'scale_pos_weight': 2.8040761704315242, 'min_child_weight': 1.979336645896582, 'min_child_samples': 22, 'lambda_l1': 0.21882655625317785, 'lambda_l2': 0.5236164731747271}. Best is trial 21 with value: 0.979773743652278.
[I 2025-04-16 13:37:04,879] Trial 26 finished with value: 0.9786363843536032 and parameters: {'learning_rate': 0.11679561584517734, 'max_depth': 12, 'num_leaves': 42, 'feature_fraction': 0.6416059667197133, 'bagging_fraction': 0.8995818205272408, 'scale_pos_weight': 4.9594552711863065, 'min_child_weight': 1.2679788293394143, 'min_child_samples': 5, 'lambda_l1': 0.09760307029951767, 'lambda_l2': 0.4016872682215873}. Best is trial 21 with value: 0.979773743652278.
[I 2025-04-16 13:38:02,561] Trial 27 finished with value: 0.9796319322347695 and parameters: {'learning_rate': 0.09897706792066732, 'max_depth': 9, 'num_leaves': 49, 'feature_fraction': 0.9502128045092857, 'bagging_fraction': 0.9130956345797712, 'scale_pos_weight': 3.740904649164509, 'min_child_weight': 0.45114725135701433, 'min_child_samples': 18, 'lambda_l1': 0.31312760677430307, 'lambda_l2': 0.6928166411889128}. Best is trial 21 with value: 0.979773743652278.
[I 2025-04-16 13:39:02,035] Trial 28 finished with value: 0.9786081455012129 and parameters: {'learning_rate': 0.09315730897209318, 'max_depth': 8, 'num_leaves': 58, 'feature_fraction': 0.8743939491675027, 'bagging_fraction': 0.9181409721070145, 'scale_pos_weight': 1.1755402627244953, 'min_child_weight': 0.4465443636978377, 'min_child_samples': 29, 'lambda_l1': 0.3245811762516675, 'lambda_l2': 0.7279261812910072}. Best is trial 21 with value: 0.979773743652278.
[I 2025-04-16 13:39:41,459] Trial 29 finished with value: 0.978157922128263 and parameters: {'learning_rate': 0.1385168299652582, 'max_depth': 9, 'num_leaves': 49, 'feature_fraction': 0.7719409311751839, 'bagging_fraction': 0.8243804909144236, 'scale_pos_weight': 3.718073322775423, 'min_child_weight': 0.15471116034358245, 'min_child_samples': 20, 'lambda_l1': 0.43466840969284837, 'lambda_l2': 0.7391634046218264}. Best is trial 21 with value: 0.979773743652278.
[I 2025-04-16 13:40:54,192] Trial 30 finished with value: 0.9801979575383866 and parameters: {'learning_rate': 0.06648193111262088, 'max_depth': 12, 'num_leaves': 55, 'feature_fraction': 0.9205005664441704, 'bagging_fraction': 0.9970782820896156, 'scale_pos_weight': 4.4603003255020335, 'min_child_weight': 0.5364968770535268, 'min_child_samples': 22, 'lambda_l1': 0.5422864165049295, 'lambda_l2': 0.6573947760019736}. Best is trial 30 with value: 0.9801979575383866.
[I 2025-04-16 13:42:04,975] Trial 31 finished with value: 0.979438927085425 and parameters: {'learning_rate': 0.0695628997248814, 'max_depth': 12, 'num_leaves': 55, 'feature_fraction': 0.9436346402760927, 'bagging_fraction': 0.9957170085937671, 'scale_pos_weight': 4.42757899822905, 'min_child_weight': 0.011760033808638604, 'min_child_samples': 22, 'lambda_l1': 0.502324004435926, 'lambda_l2': 0.6591365838270808}. Best is trial 30 with value: 0.9801979575383866.
[I 2025-04-16 13:42:58,870] Trial 32 finished with value: 0.9793225354870867 and parameters: {'learning_rate': 0.09483360894199358, 'max_depth': 10, 'num_leaves': 60, 'feature_fraction': 0.9146873795962522, 'bagging_fraction': 0.9609389164017514, 'scale_pos_weight': 3.5190457396216375, 'min_child_weight': 0.5519665100693729, 'min_child_samples': 25, 'lambda_l1': 0.6021882676370233, 'lambda_l2': 0.8378325447873629}. Best is trial 30 with value: 0.9801979575383866.
[I 2025-04-16 13:44:06,446] Trial 33 finished with value: 0.979711212244965 and parameters: {'learning_rate': 0.08837130264127319, 'max_depth': 14, 'num_leaves': 46, 'feature_fraction': 0.9677699285114671, 'bagging_fraction': 0.9669207761411067, 'scale_pos_weight': 5.932044571908778, 'min_child_weight': 1.0502241587170422, 'min_child_samples': 29, 'lambda_l1': 0.3758794677427029, 'lambda_l2': 0.6518393599744884}. Best is trial 30 with value: 0.9801979575383866.
[I 2025-04-16 13:45:14,796] Trial 34 finished with value: 0.9799901329133098 and parameters: {'learning_rate': 0.09002446191340546, 'max_depth': 14, 'num_leaves': 41, 'feature_fraction': 0.9610877695349486, 'bagging_fraction': 0.9705172599265139, 'scale_pos_weight': 6.100590748747274, 'min_child_weight': 1.015637769323562, 'min_child_samples': 28, 'lambda_l1': 0.36919049744782684, 'lambda_l2': 0.6688763298598023}. Best is trial 30 with value: 0.9801979575383866.
[I 2025-04-16 13:46:39,246] Trial 35 finished with value: 0.980240327854464 and parameters: {'learning_rate': 0.06401563179863312, 'max_depth': 14, 'num_leaves': 43, 'feature_fraction': 0.9748808369094953, 'bagging_fraction': 0.9716797097325349, 'scale_pos_weight': 6.277045220955612, 'min_child_weight': 1.0093512124933983, 'min_child_samples': 29, 'lambda_l1': 0.3825962622576822, 'lambda_l2': 0.5793884209989574}. Best is trial 35 with value: 0.980240327854464.
[I 2025-04-16 13:47:45,476] Trial 36 finished with value: 0.9792938566246485 and parameters: {'learning_rate': 0.06760319744363819, 'max_depth': 14, 'num_leaves': 40, 'feature_fraction': 0.9184720542344382, 'bagging_fraction': 0.9758479712731687, 'scale_pos_weight': 6.52279226930066, 'min_child_weight': 1.0666108626042778, 'min_child_samples': 34, 'lambda_l1': 0.4871388622602749, 'lambda_l2': 0.5963756535451952}. Best is trial 35 with value: 0.980240327854464.
[I 2025-04-16 13:48:48,510] Trial 37 finished with value: 0.9792907004675404 and parameters: {'learning_rate': 0.07260567334166942, 'max_depth': 15, 'num_leaves': 40, 'feature_fraction': 0.8987548349862365, 'bagging_fraction': 0.9239295121317209, 'scale_pos_weight': 6.254913639442609, 'min_child_weight': 0.7896825689683897, 'min_child_samples': 27, 'lambda_l1': 0.5417759301553051, 'lambda_l2': 0.4930187796795263}. Best is trial 35 with value: 0.980240327854464.
[I 2025-04-16 13:49:50,893] Trial 38 finished with value: 0.9778251327686668 and parameters: {'learning_rate': 0.05634938284454542, 'max_depth': 13, 'num_leaves': 31, 'feature_fraction': 0.9631613755566416, 'bagging_fraction': 0.9343627809877899, 'scale_pos_weight': 6.910059922174945, 'min_child_weight': 0.2850362307511104, 'min_child_samples': 38, 'lambda_l1': 0.7040156802282134, 'lambda_l2': 0.5755730500749399}. Best is trial 35 with value: 0.980240327854464.
[I 2025-04-16 13:50:29,585] Trial 39 finished with value: 0.9287556910987546 and parameters: {'learning_rate': 0.08291287842254283, 'max_depth': 3, 'num_leaves': 45, 'feature_fraction': 0.9667927163362602, 'bagging_fraction': 0.9810224237661045, 'scale_pos_weight': 7.734067100997605, 'min_child_weight': 1.3211705670690952, 'min_child_samples': 24, 'lambda_l1': 0.43075911260600086, 'lambda_l2': 0.45753388095404984}. Best is trial 35 with value: 0.980240327854464.
[I 2025-04-16 13:51:37,336] Trial 40 finished with value: 0.9738470025873923 and parameters: {'learning_rate': 0.03127554484813219, 'max_depth': 14, 'num_leaves': 34, 'feature_fraction': 0.8569498928113931, 'bagging_fraction': 0.9514760759045268, 'scale_pos_weight': 5.432197838017888, 'min_child_weight': 0.7225429503682682, 'min_child_samples': 30, 'lambda_l1': 0.46962572449135265, 'lambda_l2': 0.7883173513493206}. Best is trial 35 with value: 0.980240327854464.
[I 2025-04-16 13:52:47,097] Trial 41 finished with value: 0.9803554293352066 and parameters: {'learning_rate': 0.08796973817633108, 'max_depth': 14, 'num_leaves': 44, 'feature_fraction': 0.9729998568063342, 'bagging_fraction': 0.9670897279962551, 'scale_pos_weight': 6.214251677506862, 'min_child_weight': 0.9273460518072427, 'min_child_samples': 28, 'lambda_l1': 0.377804525523715, 'lambda_l2': 0.6429979248234071}. Best is trial 41 with value: 0.9803554293352066.
[I 2025-04-16 13:53:52,314] Trial 42 finished with value: 0.9796007129755896 and parameters: {'learning_rate': 0.0608311044490452, 'max_depth': 13, 'num_leaves': 36, 'feature_fraction': 0.9225438512386213, 'bagging_fraction': 0.9957488999464529, 'scale_pos_weight': 8.511838568386526, 'min_child_weight': 0.27677624327798467, 'min_child_samples': 24, 'lambda_l1': 0.3888689149502749, 'lambda_l2': 0.548141343171383}. Best is trial 41 with value: 0.9803554293352066.
[I 2025-04-16 13:55:16,323] Trial 43 finished with value: 0.9794916240074697 and parameters: {'learning_rate': 0.04547107485495668, 'max_depth': 15, 'num_leaves': 43, 'feature_fraction': 0.9760885115202602, 'bagging_fraction': 0.9500136639227269, 'scale_pos_weight': 6.568945987306142, 'min_child_weight': 0.9472956252877466, 'min_child_samples': 33, 'lambda_l1': 0.2633174871967004, 'lambda_l2': 0.6377237106511381}. Best is trial 41 with value: 0.9803554293352066.
[I 2025-04-16 13:56:24,325] Trial 44 finished with value: 0.9797996271526641 and parameters: {'learning_rate': 0.0804956136204557, 'max_depth': 14, 'num_leaves': 40, 'feature_fraction': 0.9995959983959932, 'bagging_fraction': 0.9809900482937022, 'scale_pos_weight': 5.816185338809362, 'min_child_weight': 1.0222542935572387, 'min_child_samples': 28, 'lambda_l1': 0.3649491687954114, 'lambda_l2': 0.776163645061669}. Best is trial 41 with value: 0.9803554293352066.
[I 2025-04-16 13:57:22,626] Trial 45 finished with value: 0.979209949812722 and parameters: {'learning_rate': 0.10784348656245363, 'max_depth': 14, 'num_leaves': 39, 'feature_fraction': 0.9989244499165985, 'bagging_fraction': 0.9793811160283378, 'scale_pos_weight': 5.6849852028019185, 'min_child_weight': 1.8042672436158016, 'min_child_samples': 27, 'lambda_l1': 0.36577292910440956, 'lambda_l2': 0.9079551588638402}. Best is trial 41 with value: 0.9803554293352066.
